build/intermediates/manifest_merge_blame_file/debug/manifest-merger-blame-debug-report.txt
1<?xml version="1.0" encoding="utf-8"?>
2<manifest xmlns:android="http://schemas.android.com/apk/res/android"
3    package="mcore.edu.iitpsw"
4    android:versionCode="1"
5    android:versionName="1.0" >
6
7    <uses-sdk
8        android:minSdkVersion="21"
8-->Desktop/IITP_SW_MORPHEUS/AndroidManifest.xml
9        android:targetSdkVersion="34" />
9-->Desktop/IITP_SW_MORPHEUS/AndroidManifest.xml
10
11    <queries>
11-->Desktop/IITP_SW_MORPHEUS/AndroidManifest.xml:117:5-121:15
12        <intent>
12-->Desktop/IITP_SW_MORPHEUS/AndroidManifest.xml:118:9-120:18
13            <action android:name="android.media.action.IMAGE_CAPTURE" />
13-->Desktop/IITP_SW_MORPHEUS/AndroidManifest.xml:119:13-73
13-->Desktop/IITP_SW_MORPHEUS/AndroidManifest.xml:119:21-70
14        </intent>
15    </queries>
16
17    <uses-feature
17-->Desktop/IITP_SW_MORPHEUS/AndroidManifest.xml:122:5-124:36
18        android:name="android.hardware.telephony"
18-->Desktop/IITP_SW_MORPHEUS/AndroidManifest.xml:123:9-50
19        android:required="false" />
19-->Desktop/IITP_SW_MORPHEUS/AndroidManifest.xml:124:9-33
20
21    <uses-permission android:name="android.permission.RESTART_PACKAGES" />
21-->Desktop/IITP_SW_MORPHEUS/AndroidManifest.xml:125:5-75
21-->Desktop/IITP_SW_MORPHEUS/AndroidManifest.xml:125:22-72
22    <uses-permission android:name="android.permission.KILL_BACKGROUND_PROCESSES" />
22-->Desktop/IITP_SW_MORPHEUS/AndroidManifest.xml:126:5-84
22-->Desktop/IITP_SW_MORPHEUS/AndroidManifest.xml:126:22-81
23    <uses-permission android:name="android.permission.VIBRATE" />
23-->Desktop/IITP_SW_MORPHEUS/AndroidManifest.xml:127:5-66
23-->Desktop/IITP_SW_MORPHEUS/AndroidManifest.xml:127:22-63
24    <uses-permission android:name="android.permission.READ_EXTERNAL_STORAGE" />
24-->Desktop/IITP_SW_MORPHEUS/AndroidManifest.xml:128:5-80
24-->Desktop/IITP_SW_MORPHEUS/AndroidManifest.xml:128:22-77
25    <uses-permission android:name="android.permission.WRITE_EXTERNAL_STORAGE" />
25-->Desktop/IITP_SW_MORPHEUS/AndroidManifest.xml:129:5-81
25-->Desktop/IITP_SW_MORPHEUS/AndroidManifest.xml:129:22-78
26    <uses-permission android:name="android.permission.GET_TASKS" />
26-->Desktop/IITP_SW_MORPHEUS/AndroidManifest.xml:130:5-68
26-->Desktop/IITP_SW_MORPHEUS/AndroidManifest.xml:130:22-65
27    <uses-permission android:name="android.permission.WAKE_LOCK" />
27-->Desktop/IITP_SW_MORPHEUS/AndroidManifest.xml:131:5-68
27-->Desktop/IITP_SW_MORPHEUS/AndroidManifest.xml:131:22-65
28    <uses-permission
28-->Desktop/IITP_SW_MORPHEUS/AndroidManifest.xml:132:5-134:38
29        android:name="android.permission.READ_PHONE_STATE"
29-->Desktop/IITP_SW_MORPHEUS/AndroidManifest.xml:133:9-59
30        android:maxSdkVersion="29" />
30-->Desktop/IITP_SW_MORPHEUS/AndroidManifest.xml:134:9-35
31    <uses-permission android:name="android.permission.READ_PHONE_NUMBERS" />
31-->Desktop/IITP_SW_MORPHEUS/AndroidManifest.xml:135:5-77
31-->Desktop/IITP_SW_MORPHEUS/AndroidManifest.xml:135:22-74
32    <uses-permission android:name="android.permission.INTERNET" />
32-->Desktop/IITP_SW_MORPHEUS/AndroidManifest.xml:136:5-67
32-->Desktop/IITP_SW_MORPHEUS/AndroidManifest.xml:136:22-64
33    <uses-permission android:name="android.permission.ACCESS_NETWORK_STATE" />
33-->Desktop/IITP_SW_MORPHEUS/AndroidManifest.xml:137:5-79
33-->Desktop/IITP_SW_MORPHEUS/AndroidManifest.xml:137:22-76
34    <uses-permission android:name="android.permission.ACCESS_WIFI_STATE" />
34-->Desktop/IITP_SW_MORPHEUS/AndroidManifest.xml:138:5-76
34-->Desktop/IITP_SW_MORPHEUS/AndroidManifest.xml:138:22-73
35    <uses-permission android:name="android.permission.CHANGE_WIFI_STATE" />
35-->Desktop/IITP_SW_MORPHEUS/AndroidManifest.xml:139:5-76
35-->Desktop/IITP_SW_MORPHEUS/AndroidManifest.xml:139:22-73
36    <uses-permission android:name="android.permission.ACCESS_COARSE_LOCATION" />
36-->Desktop/IITP_SW_MORPHEUS/AndroidManifest.xml:140:5-81
36-->Desktop/IITP_SW_MORPHEUS/AndroidManifest.xml:140:22-78
37    <uses-permission android:name="android.permission.READ_MEDIA_IMAGES" />
37-->Desktop/IITP_SW_MORPHEUS/AndroidManifest.xml:141:5-76
37-->Desktop/IITP_SW_MORPHEUS/AndroidManifest.xml:141:22-73
38    <uses-permission android:name="android.permission.READ_MEDIA_VIDEO" />
38-->Desktop/IITP_SW_MORPHEUS/AndroidManifest.xml:142:5-75
38-->Desktop/IITP_SW_MORPHEUS/AndroidManifest.xml:142:22-72
39    <uses-permission android:name="android.permission.READ_MEDIA_AUDIO" />
39-->Desktop/IITP_SW_MORPHEUS/AndroidManifest.xml:143:5-75
39-->Desktop/IITP_SW_MORPHEUS/AndroidManifest.xml:143:22-72
40    <uses-permission android:name="android.permission.READ_MEDIA_VISUAL_USER_SELECTED" />
40-->Desktop/IITP_SW_MORPHEUS/AndroidManifest.xml:144:5-90
40-->Desktop/IITP_SW_MORPHEUS/AndroidManifest.xml:144:22-87
41
42    <uses-feature android:name="android.hardware.camera" />
42-->Desktop/IITP_SW_MORPHEUS/AndroidManifest.xml:145:5-60
42-->Desktop/IITP_SW_MORPHEUS/AndroidManifest.xml:145:19-57
43
44    <uses-permission android:name="android.permission.RECORD_AUDIO" />
44-->Desktop/IITP_SW_MORPHEUS/AndroidManifest.xml:146:5-71
44-->Desktop/IITP_SW_MORPHEUS/AndroidManifest.xml:146:22-68
45    <uses-permission android:name="android.permission.CAMERA" />
45-->Desktop/IITP_SW_MORPHEUS/AndroidManifest.xml:147:5-65
45-->Desktop/IITP_SW_MORPHEUS/AndroidManifest.xml:147:22-62
46    <uses-permission android:name="android.permission.FLASHLIGHT" />
46-->Desktop/IITP_SW_MORPHEUS/AndroidManifest.xml:148:5-69
46-->Desktop/IITP_SW_MORPHEUS/AndroidManifest.xml:148:22-66
47    <!-- requestLegacyExternalStorage 관련 오류 발생시, Properties 에서 Android의 project Build Target을  Android 10 으로 지정 하거나, requestLegacyExternalStorage 를 삭제 -->
48    <application
48-->Desktop/IITP_SW_MORPHEUS/AndroidManifest.xml:7:5-116:19
49        android:name="mcore.edu.iitpsw.implementation.ExtendApplication"
49-->Desktop/IITP_SW_MORPHEUS/AndroidManifest.xml:8:9-57
50        android:allowBackup="false"
50-->Desktop/IITP_SW_MORPHEUS/AndroidManifest.xml:9:9-36
51        android:appComponentFactory="androidx.core.app.CoreComponentFactory"
51-->[androidx.core:core:1.5.0] AndroidManifest.xml:24:18-86
52        android:debuggable="true"
53        android:icon="@mipmap/ic_launcher"
53-->Desktop/IITP_SW_MORPHEUS/AndroidManifest.xml:10:9-43
54        android:label="@string/app_name"
54-->Desktop/IITP_SW_MORPHEUS/AndroidManifest.xml:11:9-41
55        android:resizeableActivity="true"
55-->Desktop/IITP_SW_MORPHEUS/AndroidManifest.xml:13:9-42
56        android:testOnly="true"
57        android:usesCleartextTraffic="true" >
57-->Desktop/IITP_SW_MORPHEUS/AndroidManifest.xml:12:9-44
58
59        <!-- 에러 발생시, ${applicationId} 를 packagename 으로 변경 -->
60        <provider
60-->Desktop/IITP_SW_MORPHEUS/AndroidManifest.xml:15:9-23:20
61            android:name="androidx.core.content.FileProvider"
61-->Desktop/IITP_SW_MORPHEUS/AndroidManifest.xml:16:13-62
62            android:authorities="mcore.edu.iitpsw.provider"
62-->Desktop/IITP_SW_MORPHEUS/AndroidManifest.xml:17:13-60
63            android:exported="false"
63-->Desktop/IITP_SW_MORPHEUS/AndroidManifest.xml:18:13-37
64            android:grantUriPermissions="true" >
64-->Desktop/IITP_SW_MORPHEUS/AndroidManifest.xml:19:13-47
65            <meta-data
65-->Desktop/IITP_SW_MORPHEUS/AndroidManifest.xml:20:13-22:64
66                android:name="android.support.FILE_PROVIDER_PATHS"
66-->Desktop/IITP_SW_MORPHEUS/AndroidManifest.xml:21:17-67
67                android:resource="@xml/mcore_provider_paths" />
67-->Desktop/IITP_SW_MORPHEUS/AndroidManifest.xml:22:17-61
68        </provider>
69
70        <activity
70-->Desktop/IITP_SW_MORPHEUS/AndroidManifest.xml:24:9-31:20
71            android:name="mcore.edu.iitpsw.Startup"
71-->Desktop/IITP_SW_MORPHEUS/AndroidManifest.xml:25:13-36
72            android:exported="true" >
72-->Desktop/IITP_SW_MORPHEUS/AndroidManifest.xml:26:13-36
73            <intent-filter>
73-->Desktop/IITP_SW_MORPHEUS/AndroidManifest.xml:27:13-30:29
74                <action android:name="android.intent.action.MAIN" />
74-->Desktop/IITP_SW_MORPHEUS/AndroidManifest.xml:28:17-69
74-->Desktop/IITP_SW_MORPHEUS/AndroidManifest.xml:28:25-66
75
76                <category android:name="android.intent.category.LAUNCHER" />
76-->Desktop/IITP_SW_MORPHEUS/AndroidManifest.xml:29:17-77
76-->Desktop/IITP_SW_MORPHEUS/AndroidManifest.xml:29:27-74
77            </intent-filter>
78        </activity>
79        <activity
79-->Desktop/IITP_SW_MORPHEUS/AndroidManifest.xml:32:9-35:65
80            android:name="mcore.edu.iitpsw.BaseActivity"
80-->Desktop/IITP_SW_MORPHEUS/AndroidManifest.xml:33:13-41
81            android:configChanges="locale|keyboardHidden|orientation|screenSize"
81-->Desktop/IITP_SW_MORPHEUS/AndroidManifest.xml:34:13-81
82            android:imeOptions="actionSend|flagNoEnterAction" />
82-->Desktop/IITP_SW_MORPHEUS/AndroidManifest.xml:35:13-62
83        <activity
83-->Desktop/IITP_SW_MORPHEUS/AndroidManifest.xml:36:9-38:84
84            android:name="mcore.edu.iitpsw.samples.activity.ImageList1Activity"
84-->Desktop/IITP_SW_MORPHEUS/AndroidManifest.xml:37:13-64
85            android:configChanges="locale|keyboardHidden|orientation|screenSize" />
85-->Desktop/IITP_SW_MORPHEUS/AndroidManifest.xml:38:13-81
86        <activity
86-->Desktop/IITP_SW_MORPHEUS/AndroidManifest.xml:39:9-41:84
87            android:name="mcore.edu.iitpsw.samples.activity.ImageList2Activity"
87-->Desktop/IITP_SW_MORPHEUS/AndroidManifest.xml:40:13-64
88            android:configChanges="locale|keyboardHidden|orientation|screenSize" />
88-->Desktop/IITP_SW_MORPHEUS/AndroidManifest.xml:41:13-81
89        <activity
89-->Desktop/IITP_SW_MORPHEUS/AndroidManifest.xml:42:9-44:84
90            android:name="mcore.edu.iitpsw.samples.activity.ImageDetailsActivity"
90-->Desktop/IITP_SW_MORPHEUS/AndroidManifest.xml:43:13-66
91            android:configChanges="locale|keyboardHidden|orientation|screenSize" />
91-->Desktop/IITP_SW_MORPHEUS/AndroidManifest.xml:44:13-81
92        <activity
92-->Desktop/IITP_SW_MORPHEUS/AndroidManifest.xml:45:9-47:84
93            android:name="mcore.edu.iitpsw.samples.activity.StartActivity"
93-->Desktop/IITP_SW_MORPHEUS/AndroidManifest.xml:46:13-59
94            android:configChanges="locale|keyboardHidden|orientation|screenSize" />
94-->Desktop/IITP_SW_MORPHEUS/AndroidManifest.xml:47:13-81
95        <activity
95-->Desktop/IITP_SW_MORPHEUS/AndroidManifest.xml:48:9-50:84
96            android:name="mcore.edu.iitpsw.samples.activity.SampleActivity"
96-->Desktop/IITP_SW_MORPHEUS/AndroidManifest.xml:49:13-60
97            android:configChanges="locale|keyboardHidden|orientation|screenSize" />
97-->Desktop/IITP_SW_MORPHEUS/AndroidManifest.xml:50:13-81
98        <activity
98-->Desktop/IITP_SW_MORPHEUS/AndroidManifest.xml:51:9-53:84
99            android:name="mcore.edu.iitpsw.samples.activity.SampleActivity2"
99-->Desktop/IITP_SW_MORPHEUS/AndroidManifest.xml:52:13-61
100            android:configChanges="locale|keyboardHidden|orientation|screenSize" />
100-->Desktop/IITP_SW_MORPHEUS/AndroidManifest.xml:53:13-81
101        <activity
101-->Desktop/IITP_SW_MORPHEUS/AndroidManifest.xml:54:9-56:84
102            android:name="mcore.edu.iitpsw.samples.activity.BatchTempActivity"
102-->Desktop/IITP_SW_MORPHEUS/AndroidManifest.xml:55:13-63
103            android:configChanges="locale|keyboardHidden|orientation|screenSize" />
103-->Desktop/IITP_SW_MORPHEUS/AndroidManifest.xml:56:13-81
104        <activity
104-->Desktop/IITP_SW_MORPHEUS/AndroidManifest.xml:57:9-59:84
105            android:name="mcore.edu.iitpsw.samples.activity.SampleNativeListActivity"
105-->Desktop/IITP_SW_MORPHEUS/AndroidManifest.xml:58:13-70
106            android:configChanges="locale|keyboardHidden|orientation|screenSize" />
106-->Desktop/IITP_SW_MORPHEUS/AndroidManifest.xml:59:13-81
107        <activity
107-->Desktop/IITP_SW_MORPHEUS/AndroidManifest.xml:60:9-63:65
108            android:name="m.client.android.library.core.view.MainActivity"
108-->Desktop/IITP_SW_MORPHEUS/AndroidManifest.xml:61:13-75
109            android:configChanges="locale|keyboardHidden|orientation|screenSize"
109-->Desktop/IITP_SW_MORPHEUS/AndroidManifest.xml:62:13-81
110            android:imeOptions="actionSend|flagNoEnterAction" />
110-->Desktop/IITP_SW_MORPHEUS/AndroidManifest.xml:63:13-62
111
112        <provider
112-->Desktop/IITP_SW_MORPHEUS/AndroidManifest.xml:64:9-66:57
113            android:name="m.client.android.library.core.managers.LocalFileContentProvider"
113-->Desktop/IITP_SW_MORPHEUS/AndroidManifest.xml:65:13-91
114            android:authorities="@string/app_package" />
114-->Desktop/IITP_SW_MORPHEUS/AndroidManifest.xml:66:13-54
115
116        <uses-library
116-->Desktop/IITP_SW_MORPHEUS/AndroidManifest.xml:67:9-69:40
117            android:name="org.apache.http.legacy"
117-->Desktop/IITP_SW_MORPHEUS/AndroidManifest.xml:68:13-50
118            android:required="false" />
118-->Desktop/IITP_SW_MORPHEUS/AndroidManifest.xml:69:13-37
119
120        <activity
120-->Desktop/IITP_SW_MORPHEUS/AndroidManifest.xml:70:9-72:73
121            android:name="m.client.library.addon.media.AudioRecoderActivity"
121-->Desktop/IITP_SW_MORPHEUS/AndroidManifest.xml:71:13-77
122            android:configChanges="locale|keyboardHidden|orientation" />
122-->Desktop/IITP_SW_MORPHEUS/AndroidManifest.xml:72:13-70
123        <activity
123-->Desktop/IITP_SW_MORPHEUS/AndroidManifest.xml:73:9-76:78
124            android:name="m.client.library.addon.media.MediaPlayActivity"
124-->Desktop/IITP_SW_MORPHEUS/AndroidManifest.xml:74:13-74
125            android:configChanges="keyboardHidden|orientation|screenSize"
125-->Desktop/IITP_SW_MORPHEUS/AndroidManifest.xml:75:13-74
126            android:theme="@android:style/Theme.Black.NoTitleBar" />
126-->Desktop/IITP_SW_MORPHEUS/AndroidManifest.xml:76:13-66
127        <activity
127-->Desktop/IITP_SW_MORPHEUS/AndroidManifest.xml:77:9-80:78
128            android:name="m.client.library.addon.media.crop.CropImageActivity"
128-->Desktop/IITP_SW_MORPHEUS/AndroidManifest.xml:78:13-79
129            android:configChanges="keyboardHidden|orientation|screenSize"
129-->Desktop/IITP_SW_MORPHEUS/AndroidManifest.xml:79:13-74
130            android:theme="@android:style/Theme.Black.NoTitleBar" />
130-->Desktop/IITP_SW_MORPHEUS/AndroidManifest.xml:80:13-66
131        <activity
131-->Desktop/IITP_SW_MORPHEUS/AndroidManifest.xml:81:9-83:66
132            android:name="m.client.library.addon.media.ui_picker.MediaPickerActivity"
132-->Desktop/IITP_SW_MORPHEUS/AndroidManifest.xml:82:13-86
133            android:theme="@style/Theme.AppCompat.NoActionBar" />
133-->Desktop/IITP_SW_MORPHEUS/AndroidManifest.xml:83:13-63
134        <activity
134-->Desktop/IITP_SW_MORPHEUS/AndroidManifest.xml:84:9-86:66
135            android:name="m.client.library.addon.media.ui_picker.MediaPickerPagingActivity"
135-->Desktop/IITP_SW_MORPHEUS/AndroidManifest.xml:85:13-92
136            android:theme="@style/Theme.AppCompat.NoActionBar" />
136-->Desktop/IITP_SW_MORPHEUS/AndroidManifest.xml:86:13-63
137        <activity
137-->Desktop/IITP_SW_MORPHEUS/AndroidManifest.xml:87:9-89:66
138            android:name="m.client.library.addon.media.ui_picker.MediaPreviewActivity"
138-->Desktop/IITP_SW_MORPHEUS/AndroidManifest.xml:88:13-87
139            android:theme="@style/Theme.AppCompat.NoActionBar" />
139-->Desktop/IITP_SW_MORPHEUS/AndroidManifest.xml:89:13-63
140
141        <meta-data
141-->Desktop/IITP_SW_MORPHEUS/AndroidManifest.xml:90:9-92:42
142            android:name="com.google.mlkit.vision.DEPENDENCIES"
142-->Desktop/IITP_SW_MORPHEUS/AndroidManifest.xml:91:13-64
143            android:value="barcode_ui" />
143-->Desktop/IITP_SW_MORPHEUS/AndroidManifest.xml:92:13-39
144
145        <activity
145-->Desktop/IITP_SW_MORPHEUS/AndroidManifest.xml:93:9-99:72
146            android:name="com.google.zxing.client.android.CaptureActivity"
146-->Desktop/IITP_SW_MORPHEUS/AndroidManifest.xml:94:13-75
147            android:clearTaskOnLaunch="true"
147-->Desktop/IITP_SW_MORPHEUS/AndroidManifest.xml:95:13-45
148            android:configChanges="locale|orientation|keyboardHidden|screenSize"
148-->Desktop/IITP_SW_MORPHEUS/AndroidManifest.xml:96:13-81
149            android:stateNotNeeded="true"
149-->Desktop/IITP_SW_MORPHEUS/AndroidManifest.xml:97:13-42
150            android:theme="@android:style/Theme.NoTitleBar.Fullscreen"
150-->Desktop/IITP_SW_MORPHEUS/AndroidManifest.xml:98:13-71
151            android:windowSoftInputMode="stateAlwaysHidden" />
151-->Desktop/IITP_SW_MORPHEUS/AndroidManifest.xml:99:13-60
152        <activity
152-->Desktop/IITP_SW_MORPHEUS/AndroidManifest.xml:100:9-106:72
153            android:name="com.google.zxing.client.android.QRScannActivity"
153-->Desktop/IITP_SW_MORPHEUS/AndroidManifest.xml:101:13-75
154            android:clearTaskOnLaunch="true"
154-->Desktop/IITP_SW_MORPHEUS/AndroidManifest.xml:102:13-45
155            android:configChanges="locale|orientation|keyboardHidden|screenSize"
155-->Desktop/IITP_SW_MORPHEUS/AndroidManifest.xml:103:13-81
156            android:stateNotNeeded="true"
156-->Desktop/IITP_SW_MORPHEUS/AndroidManifest.xml:104:13-42
157            android:theme="@android:style/Theme.NoTitleBar.Fullscreen"
157-->Desktop/IITP_SW_MORPHEUS/AndroidManifest.xml:105:13-71
158            android:windowSoftInputMode="stateAlwaysHidden" />
158-->Desktop/IITP_SW_MORPHEUS/AndroidManifest.xml:106:13-60
159        <activity
159-->Desktop/IITP_SW_MORPHEUS/AndroidManifest.xml:107:9-115:63
160            android:name="com.google.zxing.client.android.BarcodeActivity"
160-->Desktop/IITP_SW_MORPHEUS/AndroidManifest.xml:108:13-75
161            android:clearTaskOnLaunch="true"
161-->Desktop/IITP_SW_MORPHEUS/AndroidManifest.xml:109:13-45
162            android:configChanges="locale|orientation|keyboardHidden|screenSize"
162-->Desktop/IITP_SW_MORPHEUS/AndroidManifest.xml:110:13-81
163            android:exported="false"
163-->Desktop/IITP_SW_MORPHEUS/AndroidManifest.xml:111:13-37
164            android:screenOrientation="portrait"
164-->Desktop/IITP_SW_MORPHEUS/AndroidManifest.xml:112:13-49
165            android:stateNotNeeded="true"
165-->Desktop/IITP_SW_MORPHEUS/AndroidManifest.xml:113:13-42
166            android:theme="@style/Theme.AppCompat.NoActionBar"
166-->Desktop/IITP_SW_MORPHEUS/AndroidManifest.xml:114:13-63
167            android:windowSoftInputMode="stateAlwaysHidden" />
167-->Desktop/IITP_SW_MORPHEUS/AndroidManifest.xml:115:13-60
168
169        <service
169-->[androidx.camera:camera-camera2:1.2.1] AndroidManifest.xml:24:9-33:19
170            android:name="androidx.camera.core.impl.MetadataHolderService"
170-->[androidx.camera:camera-camera2:1.2.1] AndroidManifest.xml:25:13-75
171            android:enabled="false"
171-->[androidx.camera:camera-camera2:1.2.1] AndroidManifest.xml:26:13-36
172            android:exported="false" >
172-->[androidx.camera:camera-camera2:1.2.1] AndroidManifest.xml:27:13-37
173            <meta-data
173-->[androidx.camera:camera-camera2:1.2.1] AndroidManifest.xml:30:13-32:89
174                android:name="androidx.camera.core.impl.MetadataHolderService.DEFAULT_CONFIG_PROVIDER"
174-->[androidx.camera:camera-camera2:1.2.1] AndroidManifest.xml:31:17-103
175                android:value="androidx.camera.camera2.Camera2Config$DefaultProvider" />
175-->[androidx.camera:camera-camera2:1.2.1] AndroidManifest.xml:32:17-86
176        </service>
177        <service
177-->[com.google.android.gms:play-services-mlkit-barcode-scanning:18.3.0] AndroidManifest.xml:9:9-15:19
178            android:name="com.google.mlkit.common.internal.MlKitComponentDiscoveryService"
178-->[com.google.android.gms:play-services-mlkit-barcode-scanning:18.3.0] AndroidManifest.xml:10:13-91
179            android:directBootAware="true"
179-->[com.google.mlkit:common:18.9.0] AndroidManifest.xml:17:13-43
180            android:exported="false" >
180-->[com.google.android.gms:play-services-mlkit-barcode-scanning:18.3.0] AndroidManifest.xml:11:13-37
181            <meta-data
181-->[com.google.android.gms:play-services-mlkit-barcode-scanning:18.3.0] AndroidManifest.xml:12:13-14:85
182                android:name="com.google.firebase.components:com.google.mlkit.vision.barcode.internal.BarcodeRegistrar"
182-->[com.google.android.gms:play-services-mlkit-barcode-scanning:18.3.0] AndroidManifest.xml:13:17-120
183                android:value="com.google.firebase.components.ComponentRegistrar" />
183-->[com.google.android.gms:play-services-mlkit-barcode-scanning:18.3.0] AndroidManifest.xml:14:17-82
184            <meta-data
184-->[com.google.mlkit:vision-common:17.3.0] AndroidManifest.xml:12:13-14:85
185                android:name="com.google.firebase.components:com.google.mlkit.vision.common.internal.VisionCommonRegistrar"
185-->[com.google.mlkit:vision-common:17.3.0] AndroidManifest.xml:13:17-124
186                android:value="com.google.firebase.components.ComponentRegistrar" />
186-->[com.google.mlkit:vision-common:17.3.0] AndroidManifest.xml:14:17-82
187            <meta-data
187-->[com.google.mlkit:common:18.9.0] AndroidManifest.xml:20:13-22:85
188                android:name="com.google.firebase.components:com.google.mlkit.common.internal.CommonComponentRegistrar"
188-->[com.google.mlkit:common:18.9.0] AndroidManifest.xml:21:17-120
189                android:value="com.google.firebase.components.ComponentRegistrar" />
189-->[com.google.mlkit:common:18.9.0] AndroidManifest.xml:22:17-82
190        </service>
191
192        <provider
192-->[com.google.mlkit:common:18.9.0] AndroidManifest.xml:9:9-13:38
193            android:name="com.google.mlkit.common.internal.MlKitInitProvider"
193-->[com.google.mlkit:common:18.9.0] AndroidManifest.xml:10:13-78
194            android:authorities="mcore.edu.iitpsw.mlkitinitprovider"
194-->[com.google.mlkit:common:18.9.0] AndroidManifest.xml:11:13-69
195            android:exported="false"
195-->[com.google.mlkit:common:18.9.0] AndroidManifest.xml:12:13-37
196            android:initOrder="99" />
196-->[com.google.mlkit:common:18.9.0] AndroidManifest.xml:13:13-35
197
198        <activity
198-->[com.google.android.gms:play-services-base:18.1.0] AndroidManifest.xml:20:9-22:45
199            android:name="com.google.android.gms.common.api.GoogleApiActivity"
199-->[com.google.android.gms:play-services-base:18.1.0] AndroidManifest.xml:20:19-85
200            android:exported="false"
200-->[com.google.android.gms:play-services-base:18.1.0] AndroidManifest.xml:22:19-43
201            android:theme="@android:style/Theme.Translucent.NoTitleBar" />
201-->[com.google.android.gms:play-services-base:18.1.0] AndroidManifest.xml:21:19-78
202
203        <meta-data
203-->[com.google.android.gms:play-services-basement:18.1.0] AndroidManifest.xml:21:9-23:69
204            android:name="com.google.android.gms.version"
204-->[com.google.android.gms:play-services-basement:18.1.0] AndroidManifest.xml:22:13-58
205            android:value="@integer/google_play_services_version" />
205-->[com.google.android.gms:play-services-basement:18.1.0] AndroidManifest.xml:23:13-66
206
207        <service
207-->[com.google.android.datatransport:transport-backend-cct:2.3.3] AndroidManifest.xml:29:9-35:19
208            android:name="com.google.android.datatransport.runtime.backends.TransportBackendDiscovery"
208-->[com.google.android.datatransport:transport-backend-cct:2.3.3] AndroidManifest.xml:30:13-103
209            android:exported="false" >
209-->[com.google.android.datatransport:transport-backend-cct:2.3.3] AndroidManifest.xml:31:13-37
210            <meta-data
210-->[com.google.android.datatransport:transport-backend-cct:2.3.3] AndroidManifest.xml:32:13-34:39
211                android:name="backend:com.google.android.datatransport.cct.CctBackendFactory"
211-->[com.google.android.datatransport:transport-backend-cct:2.3.3] AndroidManifest.xml:33:17-94
212                android:value="cct" />
212-->[com.google.android.datatransport:transport-backend-cct:2.3.3] AndroidManifest.xml:34:17-36
213        </service>
214        <service
214-->[com.google.android.datatransport:transport-runtime:2.2.6] AndroidManifest.xml:26:9-30:19
215            android:name="com.google.android.datatransport.runtime.scheduling.jobscheduling.JobInfoSchedulerService"
215-->[com.google.android.datatransport:transport-runtime:2.2.6] AndroidManifest.xml:27:13-117
216            android:exported="false"
216-->[com.google.android.datatransport:transport-runtime:2.2.6] AndroidManifest.xml:28:13-37
217            android:permission="android.permission.BIND_JOB_SERVICE" >
217-->[com.google.android.datatransport:transport-runtime:2.2.6] AndroidManifest.xml:29:13-69
218        </service>
219
220        <receiver
220-->[com.google.android.datatransport:transport-runtime:2.2.6] AndroidManifest.xml:32:9-34:40
221            android:name="com.google.android.datatransport.runtime.scheduling.jobscheduling.AlarmManagerSchedulerBroadcastReceiver"
221-->[com.google.android.datatransport:transport-runtime:2.2.6] AndroidManifest.xml:33:13-132
222            android:exported="false" />
222-->[com.google.android.datatransport:transport-runtime:2.2.6] AndroidManifest.xml:34:13-37
223    </application>
224
225</manifest>